0 info it worked if it ends with ok
1 verbose cli [ '/usr/local/Cellar/node/8.1.3/bin/node',
1 verbose cli   '/usr/local/bin/npm',
1 verbose cli   'install',
1 verbose cli   'spoof-mac',
1 verbose cli   '-g' ]
2 info using npm@5.3.0
3 info using node@v8.1.3
4 verbose npm-session 956ef1baf203d133
5 silly install loadCurrentTree
6 silly install readGlobalPackageData
7 http fetch GET 404 https://registry.npmjs.org/spoof-mac 357ms
8 silly fetchPackageMetaData error for spoof-mac@latest 404 Not Found: spoof-mac@latest
9 verbose stack Error: 404 Not Found: spoof-mac@latest
9 verbose stack     at fetch.then.res (/usr/local/lib/node_modules/npm/node_modules/pacote/lib/fetchers/registry/fetch.js:41:19)
9 verbose stack     at tryCatcher (/usr/local/lib/node_modules/npm/node_modules/bluebird/js/release/util.js:16:23)
9 verbose stack     at Promise._settlePromiseFromHandler (/usr/local/lib/node_modules/npm/node_modules/bluebird/js/release/promise.js:512:31)
9 verbose stack     at Promise._settlePromise (/usr/local/lib/node_modules/npm/node_modules/bluebird/js/release/promise.js:569:18)
9 verbose stack     at Promise._settlePromise0 (/usr/local/lib/node_modules/npm/node_modules/bluebird/js/release/promise.js:614:10)
9 verbose stack     at Promise._settlePromises (/usr/local/lib/node_modules/npm/node_modules/bluebird/js/release/promise.js:693:18)
9 verbose stack     at Async._drainQueue (/usr/local/lib/node_modules/npm/node_modules/bluebird/js/release/async.js:133:16)
9 verbose stack     at Async._drainQueues (/usr/local/lib/node_modules/npm/node_modules/bluebird/js/release/async.js:143:10)
9 verbose stack     at Immediate.Async.drainQueues (/usr/local/lib/node_modules/npm/node_modules/bluebird/js/release/async.js:17:14)
9 verbose stack     at runCallback (timers.js:800:20)
9 verbose stack     at tryOnImmediate (timers.js:762:5)
9 verbose stack     at processImmediate [as _immediateCallback] (timers.js:733:5)
10 verbose cwd /Users/dojo
11 verbose Darwin 17.0.0
12 verbose argv "/usr/local/Cellar/node/8.1.3/bin/node" "/usr/local/bin/npm" "install" "spoof-mac" "-g"
13 verbose node v8.1.3
14 verbose npm  v5.3.0
15 error code E404
16 error 404 Not Found: spoof-mac@latest
17 verbose exit [ 1, true ]
