0 info it worked if it ends with ok
1 verbose cli [ '/usr/local/Cellar/node/8.1.3/bin/node',
1 verbose cli   '/usr/local/bin/npm',
1 verbose cli   '-g',
1 verbose cli   'upgrade' ]
2 info using npm@5.3.0
3 info using node@v8.1.3
4 verbose npm-session f567d476801c57b3
5 verbose stack Error: ENOENT: no such file or directory, lstat '/Users/dojo/.npm/lib'
6 verbose cwd /usr/local/lib/node_modules/npm/node_modules
7 verbose Darwin 17.0.0
8 verbose argv "/usr/local/Cellar/node/8.1.3/bin/node" "/usr/local/bin/npm" "-g" "upgrade"
9 verbose node v8.1.3
10 verbose npm  v5.3.0
11 error path /Users/dojo/.npm/lib
12 error code ENOENT
13 error errno -2
14 error syscall lstat
15 error enoent ENOENT: no such file or directory, lstat '/Users/dojo/.npm/lib'
16 error enoent This is related to npm not being able to find a file.
17 verbose exit [ -2, true ]
